  ColliderComponent.cpp
  BrainComponent.cpp
  Scene.cpp
N:\GitHub\ct5037-boids-simulation-LewisHammond-uog\ModelLoader\deps\include\learnopengl\mesh.h(88,1): warning C4267:  'argument': conversion from 'size_t' to 'GLsizei', possible loss of data
N:\GitHub\ct5037-boids-simulation-LewisHammond-uog\ModelLoader\ModelLoader\source\Scene.cpp(74,12): warning C4244:  'argument': conversion from 'time_t' to 'unsigned int', possible loss of data
N:\GitHub\ct5037-boids-simulation-LewisHammond-uog\ModelLoader\ModelLoader\source\Scene.cpp(196,22): warning C4244:  '=': conversion from 'double' to 'float', possible loss of data
N:\GitHub\ct5037-boids-simulation-LewisHammond-uog\ModelLoader\ModelLoader\source\Scene.cpp(197,22): warning C4244:  '=': conversion from 'double' to 'float', possible loss of data
N:\GitHub\ct5037-boids-simulation-LewisHammond-uog\ModelLoader\ModelLoader\source\Scene.cpp(201,16): warning C4244:  'initializing': conversion from 'double' to 'float', possible loss of data
N:\GitHub\ct5037-boids-simulation-LewisHammond-uog\ModelLoader\ModelLoader\source\Scene.cpp(202,16): warning C4244:  'initializing': conversion from 'double' to 'float', possible loss of data
N:\GitHub\ct5037-boids-simulation-LewisHammond-uog\ModelLoader\ModelLoader\source\Scene.cpp(204,21): warning C4244:  '=': conversion from 'double' to 'float', possible loss of data
N:\GitHub\ct5037-boids-simulation-LewisHammond-uog\ModelLoader\ModelLoader\source\Scene.cpp(205,21): warning C4244:  '=': conversion from 'double' to 'float', possible loss of data
  TransformComponent.cpp
  Generating Code...
N:\GitHub\ct5037-boids-simulation-LewisHammond-uog\ModelLoader\ModelLoader\source\Scene.cpp(221,39): warning C4244:  'argument': conversion from 'double' to 'float', possible loss of data
glfw3.lib(context.obj) : warning LNK4099: PDB '' was not found with 'glfw3.lib(context.obj)' or at ''; linking object as if no debug info
glfw3.lib(init.obj) : warning LNK4099: PDB '' was not found with 'glfw3.lib(init.obj)' or at ''; linking object as if no debug info
glfw3.lib(input.obj) : warning LNK4099: PDB '' was not found with 'glfw3.lib(input.obj)' or at ''; linking object as if no debug info
glfw3.lib(monitor.obj) : warning LNK4099: PDB '' was not found with 'glfw3.lib(monitor.obj)' or at ''; linking object as if no debug info
glfw3.lib(vulkan.obj) : warning LNK4099: PDB '' was not found with 'glfw3.lib(vulkan.obj)' or at ''; linking object as if no debug info
glfw3.lib(window.obj) : warning LNK4099: PDB '' was not found with 'glfw3.lib(window.obj)' or at ''; linking object as if no debug info
glfw3.lib(win32_init.obj) : warning LNK4099: PDB '' was not found with 'glfw3.lib(win32_init.obj)' or at ''; linking object as if no debug info
glfw3.lib(win32_joystick.obj) : warning LNK4099: PDB '' was not found with 'glfw3.lib(win32_joystick.obj)' or at ''; linking object as if no debug info
glfw3.lib(win32_monitor.obj) : warning LNK4099: PDB '' was not found with 'glfw3.lib(win32_monitor.obj)' or at ''; linking object as if no debug info
glfw3.lib(win32_time.obj) : warning LNK4099: PDB '' was not found with 'glfw3.lib(win32_time.obj)' or at ''; linking object as if no debug info
glfw3.lib(win32_thread.obj) : warning LNK4099: PDB '' was not found with 'glfw3.lib(win32_thread.obj)' or at ''; linking object as if no debug info
glfw3.lib(win32_window.obj) : warning LNK4099: PDB '' was not found with 'glfw3.lib(win32_window.obj)' or at ''; linking object as if no debug info
glfw3.lib(wgl_context.obj) : warning LNK4099: PDB '' was not found with 'glfw3.lib(wgl_context.obj)' or at ''; linking object as if no debug info
glfw3.lib(egl_context.obj) : warning LNK4099: PDB '' was not found with 'glfw3.lib(egl_context.obj)' or at ''; linking object as if no debug info
glfw3.lib(osmesa_context.obj) : warning LNK4099: PDB '' was not found with 'glfw3.lib(osmesa_context.obj)' or at ''; linking object as if no debug info
  ModelLoader.vcxproj -> N:\GitHub\ct5037-boids-simulation-LewisHammond-uog\ModelLoader\ModelLoader\\Debug\x64\ModelLoader.exe
